#
# There is insufficient memory for the Java Runtime Environment to continue.
# Native memory allocation (malloc) failed to allocate 1321328 bytes. Error detail: Chunk::new
# Possible reasons:
#   The system is out of physical RAM or swap space
#   This process is running with CompressedOops enabled, and the Java Heap may be blocking the growth of the native heap
# Possible solutions:
#   Reduce memory load on the system
#   Increase physical memory or swap space
#   Check if swap backing store is full
#   Decrease Java heap size (-Xmx/-Xms)
#   Decrease number of Java threads
#   Decrease Java thread stack sizes (-Xss)
#   Set larger code cache with -XX:ReservedCodeCacheSize=
#   JVM is running with Unscaled Compressed Oops mode in which the Java heap is
#     placed in the first 4GB address space. The Java Heap base address is the
#     maximum limit for the native heap growth. Please use -XX:HeapBaseMinAddress
#     to set the Java Heap base and to place the Java Heap above 4GB virtual address.
# This output file may be truncated or incomplete.
#
#  Out of Memory Error (arena.cpp:186), pid=21792, tid=16752
#
# JRE version: OpenJDK Runtime Environment Temurin-25.0.1+8 (25.0.1+8) (build 25.0.1+8-LTS)
# Java VM: OpenJDK 64-Bit Server VM Temurin-25.0.1+8 (25.0.1+8-LTS, mixed mode, sharing, tiered, compressed oops, compressed class ptrs, parallel gc, windows-amd64)
# No core dump will be written. Minidumps are not enabled by default on client versions of Windows
#

---------------  S U M M A R Y ------------

Command Line: -Djdk.xml.maxGeneralEntitySizeLimit=0 -Djdk.xml.totalEntitySizeLimit=0 --add-modules=ALL-SYSTEM --add-opens=java.base/java.util=ALL-UNNAMED --add-opens=java.base/java.lang=ALL-UNNAMED --add-opens=java.base/sun.nio.fs=ALL-UNNAMED -Declipse.application=org.eclipse.jdt.ls.core.id1 -Dosgi.bundles.defaultStartLevel=4 -Declipse.product=org.eclipse.jdt.ls.core.product -Djava.import.generatesMetadataFilesAtProjectRoot=false -DDetectVMInstallationsJob.disabled=true -Dfile.encoding=utf8 -XX:+UseParallelGC -XX:GCTimeRatio=4 -XX:AdaptiveSizePolicyWeight=90 -Dsun.zip.disableMemoryMapping=true -Xmx2G -Xms100m -Xlog:disable -javaagent:c:\Users\darsh\.windsurf\extensions\redhat.java-1.52.0-universal\lombok\lombok-1.18.39-4050.jar c:\Users\darsh\.windsurf\extensions\redhat.java-1.52.0-universal\server\plugins\org.eclipse.equinox.launcher_1.7.100.v20251111-0406.jar -configuration c:\Users\darsh\AppData\Roaming\Windsurf\User\globalStorage\redhat.java\1.52.0\config_ss_win -data c:\Users\darsh\AppData\Roaming\Windsurf\User\workspaceStorage\ae953376828d61dda7268ca9c5244790\redhat.java\ss_ws --pipe=\\.\pipe\lsp-c830993be0ada82b34de5c23d39004b5-sock

Host: 11th Gen Intel(R) Core(TM) i5-1135G7 @ 2.40GHz, 8 cores, 7G,  Windows 11 , 64 bit Build 26100 (10.0.26100.7705)
Time: Sun Feb 15 12:29:11 2026 India Standard Time elapsed time: 42.357516 seconds (0d 0h 0m 42s)

---------------  T H R E A D  ---------------

Current thread (0x0000023774fa3fb0):  JavaThread "C2 CompilerThread0" daemon [_thread_in_native, id=16752, stack(0x000000ed23e00000,0x000000ed23f00000) (1024K)]


Current CompileTask:
C2:42357 6668       4       java.lang.invoke.MethodType::makeImpl (109 bytes)

Stack: [0x000000ed23e00000,0x000000ed23f00000]
Native frames: (J=compiled Java code, j=interpreted, Vv=VM code, C=native code)
V  [jvm.dll+0x7a8379]  (no source info available)
V  [jvm.dll+0x7729fd]  (no source info available)
V  [jvm.dll+0x9f57b3]  (no source info available)
V  [jvm.dll+0x9f7da1]  (no source info available)
V  [jvm.dll+0x9f84a3]  (no source info available)
V  [jvm.dll+0x2fcd26]  (no source info available)
V  [jvm.dll+0x111086]  (no source info available)
V  [jvm.dll+0x1113ae]  (no source info available)
V  [jvm.dll+0x453177]  (no source info available)
V  [jvm.dll+0x25407a]  (no source info available)
V  [jvm.dll+0x2c019c]  (no source info available)
V  [jvm.dll+0x2bf2ef]  (no source info available)
V  [jvm.dll+0x237300]  (no source info available)
V  [jvm.dll+0x2cf386]  (no source info available)
V  [jvm.dll+0x2cd60a]  (no source info available)
V  [jvm.dll+0x48f64e]  (no source info available)
V  [jvm.dll+0x99630d]  (no source info available)
V  [jvm.dll+0x7a6955]  (no source info available)
C  [ucrtbase.dll+0x37b0]  (no source info available)
C  [KERNEL32.DLL+0x2e8d7]  (no source info available)
C  [ntdll.dll+0x8c40c]  (no source info available)

Lock stack of current Java thread (top to bottom):


---------------  P R O C E S S  ---------------

Threads class SMR info:
_java_thread_list=0x000002372113d640, length=38, elements={
0x0000023774f925b0, 0x000002377502aad0, 0x0000023775030270, 0x0000023775030cd0,
0x000002377503e640, 0x0000023775040210, 0x0000023775041e40, 0x0000023774fa3fb0,
0x0000023774fa2780, 0x0000023710aab920, 0x000002371536b3f0, 0x0000023715624200,
0x00000237156249d0, 0x0000023715201620, 0x0000023715200680, 0x0000023715202d90,
0x0000023715206440, 0x0000023715204cd0, 0x000002371588a360, 0x000002371588d240,
0x000002371588e1e0, 0x000002371588da10, 0x000002371588f180, 0x000002371588bad0,
0x000002371588c2a0, 0x00000237178b8f70, 0x00000237178baeb0, 0x00000237178b7800,
0x00000237178ba6e0, 0x00000237178b9f10, 0x00000237178bed30, 0x00000237178bdd90,
0x0000023715184af0, 0x0000023715185a90, 0x000002371518a8b0, 0x000002371518b080,
0x00000237170eca20, 0x00000237170f1ac0
}
_to_delete_list=0x00000237179731b0, length=37, elements={
0x0000023774f925b0, 0x000002377502aad0, 0x0000023775030270, 0x0000023775030cd0,
0x000002377503e640, 0x0000023775040210, 0x0000023775041e40, 0x0000023774fa3fb0,
0x0000023774fa2780, 0x0000023710aab920, 0x000002371536b3f0, 0x0000023715624200,
0x00000237156249d0, 0x0000023715201620, 0x0000023715200680, 0x0000023715202d90,
0x0000023715206440, 0x0000023715204cd0, 0x000002371588a360, 0x000002371588d240,
0x000002371588e1e0, 0x000002371588da10, 0x000002371588f180, 0x000002371588bad0,
0x000002371588c2a0, 0x00000237178b8f70, 0x00000237178baeb0, 0x00000237178b7800,
0x00000237178ba6e0, 0x00000237178b9f10, 0x00000237178bed30, 0x00000237178bdd90,
0x0000023715184af0, 0x0000023715185a90, 0x000002371518a8b0, 0x000002371518b080,
0x00000237170eca20
}

Java Threads: ( => current thread )
  0x0000023774f925b0 JavaThread "main"                              [_thread_blocked, id=20008, stack(0x000000ed23400000,0x000000ed23500000) (1024K)]
  0x000002377502aad0 JavaThread "Reference Handler"          daemon [_thread_blocked, id=20004, stack(0x000000ed23800000,0x000000ed23900000) (1024K)]
  0x0000023775030270 JavaThread "Finalizer"                  daemon [_thread_blocked, id=3496, stack(0x000000ed23900000,0x000000ed23a00000) (1024K)]
  0x0000023775030cd0 JavaThread "Signal Dispatcher"          daemon [_thread_blocked, id=16940, stack(0x000000ed23a00000,0x000000ed23b00000) (1024K)]
  0x000002377503e640 JavaThread "Attach Listener"            daemon [_thread_blocked, id=13908, stack(0x000000ed23b00000,0x000000ed23c00000) (1024K)]
  0x0000023775040210 JavaThread "Service Thread"             daemon [_thread_blocked, id=20284, stack(0x000000ed23c00000,0x000000ed23d00000) (1024K)]
  0x0000023775041e40 JavaThread "Monitor Deflation Thread"   daemon [_thread_blocked, id=12340, stack(0x000000ed23d00000,0x000000ed23e00000) (1024K)]
=>0x0000023774fa3fb0 JavaThread "C2 CompilerThread0"         daemon [_thread_in_native, id=16752, stack(0x000000ed23e00000,0x000000ed23f00000) (1024K)]
  0x0000023774fa2780 JavaThread "C1 CompilerThread0"         daemon [_thread_blocked, id=16868, stack(0x000000ed23f00000,0x000000ed24000000) (1024K)]
  0x0000023710aab920 JavaThread "Common-Cleaner"             daemon [_thread_blocked, id=1676, stack(0x000000ed24100000,0x000000ed24200000) (1024K)]
  0x000002371536b3f0 JavaThread "Notification Thread"        daemon [_thread_blocked, id=16036, stack(0x000000ed24000000,0x000000ed24100000) (1024K)]
  0x0000023715624200 JavaThread "Active Thread: Equinox Container: 949e1c01-cf59-4b67-99bf-c164fd4ceb2a"        [_thread_blocked, id=22412, stack(0x000000ed24200000,0x000000ed24300000) (1024K)]
  0x00000237156249d0 JavaThread "Framework Event Dispatcher: Equinox Container: 949e1c01-cf59-4b67-99bf-c164fd4ceb2a" daemon [_thread_blocked, id=13392, stack(0x000000ed24600000,0x000000ed24700000) (1024K)]
  0x0000023715201620 JavaThread "Start Level: Equinox Container: 949e1c01-cf59-4b67-99bf-c164fd4ceb2a" daemon [_thread_blocked, id=2372, stack(0x000000ed24800000,0x000000ed24900000) (1024K)]
  0x0000023715200680 JavaThread "SCR Component Actor"        daemon [_thread_blocked, id=19468, stack(0x000000ed24900000,0x000000ed24a00000) (1024K)]
  0x0000023715202d90 JavaThread "Worker-JM"                         [_thread_blocked, id=22272, stack(0x000000ed24a00000,0x000000ed24b00000) (1024K)]
  0x0000023715206440 JavaThread "JNA Cleaner"                daemon [_thread_blocked, id=13380, stack(0x000000ed24d00000,0x000000ed24e00000) (1024K)]
  0x0000023715204cd0 JavaThread "Worker-0"                          [_thread_blocked, id=16268, stack(0x000000ed24e00000,0x000000ed24f00000) (1024K)]
  0x000002371588a360 JavaThread "Worker-1"                          [_thread_blocked, id=19892, stack(0x000000ed25000000,0x000000ed25100000) (1024K)]
  0x000002371588d240 JavaThread "InnocuousThread-1"          daemon [_thread_in_native, id=20780, stack(0x000000ed25400000,0x000000ed25500000) (1024K)]
  0x000002371588e1e0 JavaThread "InnocuousThread-2"          daemon [_thread_in_native, id=21088, stack(0x000000ed25500000,0x000000ed25600000) (1024K)]
  0x000002371588da10 JavaThread "InnocuousThread-3"          daemon [_thread_in_native, id=2252, stack(0x000000ed25600000,0x000000ed25700000) (1024K)]
  0x000002371588f180 JavaThread "InnocuousThread-4"          daemon [_thread_in_native, id=15708, stack(0x000000ed25700000,0x000000ed25800000) (1024K)]
  0x000002371588bad0 JavaThread "InnocuousThread-5"          daemon [_thread_in_native, id=10316, stack(0x000000ed25800000,0x000000ed25900000) (1024K)]
  0x000002371588c2a0 JavaThread "InnocuousThread-6"          daemon [_thread_in_native, id=15892, stack(0x000000ed25900000,0x000000ed25a00000) (1024K)]
  0x00000237178b8f70 JavaThread "InnocuousThread-7"          daemon [_thread_in_native, id=17144, stack(0x000000ed25a00000,0x000000ed25b00000) (1024K)]
  0x00000237178baeb0 JavaThread "InnocuousThread-8"          daemon [_thread_in_native, id=21644, stack(0x000000ed25b00000,0x000000ed25c00000) (1024K)]
  0x00000237178b7800 JavaThread "InnocuousThread-9"          daemon [_thread_in_native, id=19496, stack(0x000000ed25c00000,0x000000ed25d00000) (1024K)]
  0x00000237178ba6e0 JavaThread "pool-2-thread-1"                   [_thread_blocked, id=17976, stack(0x000000ed25d00000,0x000000ed25e00000) (1024K)]
  0x00000237178b9f10 JavaThread "Worker-2"                          [_thread_blocked, id=10392, stack(0x000000ed24f00000,0x000000ed25000000) (1024K)]
  0x00000237178bed30 JavaThread "WorkspaceEventsHandler"            [_thread_blocked, id=20580, stack(0x000000ed25e00000,0x000000ed25f00000) (1024K)]
  0x00000237178bdd90 JavaThread "pool-1-thread-1"                   [_thread_blocked, id=20172, stack(0x000000ed25f00000,0x000000ed26000000) (1024K)]
  0x0000023715184af0 JavaThread "ForkJoinPool.commonPool-worker-1" daemon [_thread_blocked, id=19932, stack(0x000000ed26000000,0x000000ed26100000) (1024K)]
  0x0000023715185a90 JavaThread "ForkJoinPool.commonPool-worker-2" daemon [_thread_blocked, id=21804, stack(0x000000ed26100000,0x000000ed26200000) (1024K)]
  0x000002371518a8b0 JavaThread "ForkJoinPool.commonPool-worker-3" daemon [_thread_blocked, id=20324, stack(0x000000ed26200000,0x000000ed26300000) (1024K)]
  0x000002371518b080 JavaThread "ForkJoinPool.commonPool-worker-4" daemon [_thread_blocked, id=21328, stack(0x000000ed26300000,0x000000ed26400000) (1024K)]
  0x00000237170eca20 JavaThread "C2 CompilerThread1"         daemon [_thread_in_native, id=15056, stack(0x000000ed23200000,0x000000ed23300000) (1024K)]
  0x00000237170f1ac0 JavaThread "C2 CompilerThread2"         daemon [_thread_in_native, id=10568, stack(0x000000ed26400000,0x000000ed26500000) (1024K)]
Total: 38

Other Threads:
  0x0000023775017c40 VMThread "VM Thread"                           [id=1784, stack(0x000000ed23700000,0x000000ed23800000) (1024K)]
  0x000002377fe0ca60 WatcherThread "VM Periodic Task Thread"        [id=13060, stack(0x000000ed23600000,0x000000ed23700000) (1024K)]
  0x0000023774fb0320 WorkerThread "GC Thread#0"                     [id=21164, stack(0x000000ed23500000,0x000000ed23600000) (1024K)]
  0x00000237156882d0 WorkerThread "GC Thread#1"                     [id=20812, stack(0x000000ed24300000,0x000000ed24400000) (1024K)]
  0x00000237157f6200 WorkerThread "GC Thread#2"                     [id=21476, stack(0x000000ed24400000,0x000000ed24500000) (1024K)]
  0x00000237157f6630 WorkerThread "GC Thread#3"                     [id=20712, stack(0x000000ed24500000,0x000000ed24600000) (1024K)]
  0x000002377fe692e0 WorkerThread "GC Thread#4"                     [id=20484, stack(0x000000ed24700000,0x000000ed24800000) (1024K)]
  0x0000023715149af0 WorkerThread "GC Thread#5"                     [id=22408, stack(0x000000ed24b00000,0x000000ed24c00000) (1024K)]
  0x000002371597cb20 WorkerThread "GC Thread#6"                     [id=21864, stack(0x000000ed24c00000,0x000000ed24d00000) (1024K)]
  0x0000023715109b80 WorkerThread "GC Thread#7"                     [id=17476, stack(0x000000ed25100000,0x000000ed25200000) (1024K)]
Total: 10

Threads with active compile tasks:
C2 CompilerThread0  42900 6668       4       java.lang.invoke.MethodType::makeImpl (109 bytes)
C2 CompilerThread1  42901 6774       4       org.eclipse.jdt.internal.compiler.lookup.BinaryTypeBinding::createMethod (1666 bytes)
C2 CompilerThread2  42901 6827       4       org.eclipse.osgi.internal.loader.BundleLoader::searchHooks (192 bytes)
Total: 3

VM state: not at safepoint (normal execution)

VM Mutex/Monitor currently owned by a thread: None

Heap address: 0x0000000080000000, size: 2048 MB, Compressed Oops mode: 32-bit

CDS archive(s) mapped at: [0x000000003b000000-0x000000003bdd0000-0x000000003bdd0000), size 14483456, SharedBaseAddress: 0x000000003b000000, ArchiveRelocationMode: 1.
Compressed class space mapped at: 0x000000003c000000-0x000000007c000000, reserved size: 1073741824
UseCompressedClassPointers 1, UseCompactObjectHeaders 0
Narrow klass pointer bits 32, Max shift 3
Narrow klass base: 0x000000003b000000, Narrow klass shift: 0
Encoding Range: [0x000000003b000000 - 0x000000013b000000), (4294967296 bytes)
Klass Range:    [0x000000003b010000 - 0x000000007c000000), (1090453504 bytes)
Klass ID Range:  [65536 - 1090519033) (1090453497)
Protection zone: [0x000000003b000000 - 0x000000003b010000), (65536 bytes)

GC Precious Log:
 CardTable entry size: 512
 CPUs: 8 total, 8 available
 Memory: 7914M
 Large Page Support: Disabled
 NUMA Support: Disabled
 Compressed Oops: Enabled (32-bit)
 Alignments: Space 512K, Generation 512K, Heap 2M
 Heap Min Capacity: 100M
 Heap Initial Capacity: 100M
 Heap Max Capacity: 2G
 Pre-touch: Disabled
 Parallel Workers: 8

Heap:
 PSYoungGen      total 30720K, used 24356K [0x00000000d5580000, 0x00000000d7980000, 0x0000000100000000)
  eden space 29696K, 78% used [0x00000000d5580000,0x00000000d6c4d190,0x00000000d7280000)
  from space 1024K, 98% used [0x00000000d7300000,0x00000000d73fc030,0x00000000d7400000)
  to   space 3584K, 0% used [0x00000000d7600000,0x00000000d7600000,0x00000000d7980000)
 ParOldGen       total 68608K, used 32374K [0x0000000080000000, 0x0000000084300000, 0x00000000d5580000)
  object space 68608K, 47% used [0x0000000080000000,0x0000000081f9dbb0,0x0000000084300000)

Card table byte_map: [0x0000023774a90000,0x0000023774e90000] _byte_map_base: 0x0000023774690000

Marking Bits: (ParMarkBitMap*) 0x00007fffe4e3b880
 Begin Bits: [0x000002377dd30000, 0x000002377fd30000)

Polling page: 0x00000237732e0000

Metaspace:
Metaspace        used 42889K, committed 43904K, reserved 1114112K
 class space     used 3611K, committed 4032K, reserved 1048576K

Usage:
  Non-class:     38.36 MB used.
      Class:      3.53 MB used.
       Both:     41.88 MB used.

Virtual space:
  Non-class space:       64.00 MB reserved,      38.94 MB ( 61%) committed,  1 nodes.
      Class space:        1.00 GB reserved,       3.94 MB ( <1%) committed,  1 nodes.
             Both:        1.06 GB reserved,      42.88 MB (  4%) committed. 

Chunk freelists:
   Non-Class:  8.95 MB
       Class:  11.97 MB
        Both:  20.92 MB

MaxMetaspaceSize: unlimited
CompressedClassSpaceSize: 1.00 GB
Initial GC threshold: 21.00 MB
Current GC threshold: 58.38 MB
CDS: on
 - commit_granule_bytes: 65536.
 - commit_granule_words: 8192.
 - virtual_space_node_default_size: 8388608.
 - enlarge_chunks_in_place: 1.
UseCompressedClassPointers 1, UseCompactObjectHeaders 0
Narrow klass pointer bits 32, Max shift 3
Narrow klass base: 0x000000003b000000, Narrow klass shift: 0
Encoding Range: [0x000000003b000000 - 0x000000013b000000), (4294967296 bytes)
Klass Range:    [0x000000003b010000 - 0x000000007c000000), (1090453504 bytes)
Klass ID Range:  [65536 - 1090519033) (1090453497)
Protection zone: [0x000000003b000000 - 0x000000003b010000), (65536 bytes)


Internal statistics:

num_allocs_failed_limit: 6.
num_arena_births: 704.
num_arena_deaths: 28.
num_vsnodes_births: 2.
num_vsnodes_deaths: 0.
num_space_committed: 686.
num_space_uncommitted: 0.
num_chunks_returned_to_freelist: 38.
num_chunks_taken_from_freelist: 2492.
num_chunk_merges: 11.
num_chunk_splits: 1585.
num_chunks_enlarged: 1021.
num_inconsistent_stats: 0.

CodeHeap 'non-profiled nmethods': size=120064Kb used=2760Kb max_used=2760Kb free=117303Kb
 bounds [0x0000023707ac0000, 0x0000023707d80000, 0x000002370f000000]
CodeHeap 'profiled nmethods': size=120000Kb used=11784Kb max_used=11784Kb free=108216Kb
 bounds [0x0000023700000000, 0x0000023700b90000, 0x0000023707530000]
CodeHeap 'non-nmethods': size=5696Kb used=1493Kb max_used=1559Kb free=4202Kb
 bounds [0x0000023707530000, 0x00000237077a0000, 0x0000023707ac0000]
CodeCache: size=245760Kb, used=16037Kb, max_used=16103Kb, free=229721Kb
 total_blobs=7230, nmethods=6496, adapters=638, full_count=0
Compilation: enabled, stopped_count=0, restarted_count=0

Compilation events (20 events):
Event: 42.261 Thread 0x0000023774fa2780 nmethod 6848 0x0000023700b1e088 code [0x0000023700b1e180, 0x0000023700b1e360]
Event: 42.261 Thread 0x0000023774fa2780 6850       3       org.eclipse.jdt.internal.compiler.lookup.BinaryTypeBinding::initializeTypeVariable (317 bytes)
Event: 42.264 Thread 0x0000023774fa2780 nmethod 6850 0x0000023700b1e388 code [0x0000023700b1e480, 0x0000023700b1f718]
Event: 42.272 Thread 0x0000023774fa2780 6851       1       org.eclipse.jdt.internal.compiler.classfmt.ClassFileReader::getName (5 bytes)
Event: 42.272 Thread 0x0000023774fa2780 nmethod 6851 0x0000023707d6e088 code [0x0000023707d6e180, 0x0000023707d6e248]
Event: 42.277 Thread 0x0000023774fa2780 6852       3       org.eclipse.jdt.internal.compiler.env.ITypeAnnotationWalker$1::toWildcardBound (2 bytes)
Event: 42.278 Thread 0x0000023774fa2780 nmethod 6852 0x0000023700b1f788 code [0x0000023700b1f880, 0x0000023700b1f988]
Event: 42.287 Thread 0x0000023774fa2780 6854       1       org.eclipse.jdt.internal.compiler.lookup.ParameterizedTypeBinding::actualType (5 bytes)
Event: 42.287 Thread 0x0000023774fa2780 nmethod 6854 0x0000023707d6e388 code [0x0000023707d6e480, 0x0000023707d6e548]
Event: 42.288 Thread 0x0000023774fa2780 6855       1       org.eclipse.jdt.internal.compiler.lookup.InferenceVariable::isProperType (2 bytes)
Event: 42.288 Thread 0x0000023774fa2780 nmethod 6855 0x0000023707d6e688 code [0x0000023707d6e780, 0x0000023707d6e848]
Event: 42.288 Thread 0x0000023774fa2780 6856       3       org.eclipse.jdt.internal.compiler.lookup.TypeBound::equals (57 bytes)
Event: 42.289 Thread 0x0000023774fa2780 nmethod 6856 0x0000023700b1fa88 code [0x0000023700b1fb80, 0x0000023700b1ffb0]
Event: 42.289 Thread 0x0000023774fa2780 6857       3       java.util.LinkedHashSet::<init> (28 bytes)
Event: 42.290 Thread 0x0000023774fa2780 nmethod 6857 0x0000023700b20008 code [0x0000023700b20120, 0x0000023700b205b0]
Event: 42.290 Thread 0x0000023774fa2780 6858       3       org.eclipse.jdt.internal.compiler.lookup.Scope::findMemberType (723 bytes)
Event: 42.306 Thread 0x0000023774fa2780 nmethod 6858 0x0000023700b20608 code [0x0000023700b20700, 0x0000023700b25b30]
Event: 42.306 Thread 0x0000023774fa2780 6873   !   3       org.eclipse.jdt.internal.core.NameLookup::findType (673 bytes)
Event: 42.335 Thread 0x0000023774fa2780 nmethod 6873 0x0000023700b25b88 code [0x0000023700b25ca0, 0x0000023700b2d750]
Event: 42.336 Thread 0x0000023774fa2780 6874       3       org.eclipse.jdt.internal.compiler.lookup.Scope::getTypeOrPackage (1525 bytes)

GC Heap Usage History (20 events):
Event: 23.967 {heap Before GC invocations=10 (full 1):
 PSYoungGen      total 30720K, used 30490K [0x00000000d5580000, 0x00000000d7900000, 0x0000000100000000)
  eden space 26112K, 100% used [0x00000000d5580000,0x00000000d6f00000,0x00000000d6f00000)
  from space 4608K, 95% used [0x00000000d7480000,0x00000000d78c6b90,0x00000000d7900000)
  to   space 4608K, 0% used [0x00000000d7000000,0x00000000d7000000,0x00000000d7480000)
 ParOldGen       total 68608K, used 10882K [0x0000000080000000, 0x0000000084300000, 0x00000000d558000Event: 23.980 {heap After GC invocations=10 (full 1):
 PSYoungGen      total 30208K, used 4604K [0x00000000d5580000, 0x00000000d7b80000, 0x0000000100000000)
  eden space 25600K, 0% used [0x00000000d5580000,0x00000000d5580000,0x00000000d6e80000)
  from space 4608K, 99% used [0x00000000d7000000,0x00000000d747f160,0x00000000d7480000)
  to   space 6656K, 0% used [0x00000000d7500000,0x00000000d7500000,0x00000000d7b80000)
 ParOldGen       total 68608K, used 12581K [0x0000000080000000, 0x0000000084300000, 0x00000000d5580000)
 Event: 25.057 {heap Before GC invocations=11 (full 1):
 PSYoungGen      total 30208K, used 30204K [0x00000000d5580000, 0x00000000d7b80000, 0x0000000100000000)
  eden space 25600K, 100% used [0x00000000d5580000,0x00000000d6e80000,0x00000000d6e80000)
  from space 4608K, 99% used [0x00000000d7000000,0x00000000d747f160,0x00000000d7480000)
  to   space 6656K, 0% used [0x00000000d7500000,0x00000000d7500000,0x00000000d7b80000)
 ParOldGen       total 68608K, used 12581K [0x0000000080000000, 0x0000000084300000, 0x00000000d558000Event: 25.070 {heap After GC invocations=11 (full 1):
 PSYoungGen      total 29696K, used 4226K [0x00000000d5580000, 0x00000000d7980000, 0x0000000100000000)
  eden space 25088K, 0% used [0x00000000d5580000,0x00000000d5580000,0x00000000d6e00000)
  from space 4608K, 91% used [0x00000000d7500000,0x00000000d7920880,0x00000000d7980000)
  to   space 5120K, 0% used [0x00000000d6f80000,0x00000000d6f80000,0x00000000d7480000)
 ParOldGen       total 68608K, used 15624K [0x0000000080000000, 0x0000000084300000, 0x00000000d5580000)
 Event: 25.810 {heap Before GC invocations=12 (full 1):
 PSYoungGen      total 29696K, used 29314K [0x00000000d5580000, 0x00000000d7980000, 0x0000000100000000)
  eden space 25088K, 100% used [0x00000000d5580000,0x00000000d6e00000,0x00000000d6e00000)
  from space 4608K, 91% used [0x00000000d7500000,0x00000000d7920880,0x00000000d7980000)
  to   space 5120K, 0% used [0x00000000d6f80000,0x00000000d6f80000,0x00000000d7480000)
 ParOldGen       total 68608K, used 15624K [0x0000000080000000, 0x0000000084300000, 0x00000000d558000Event: 25.826 {heap After GC invocations=12 (full 1):
 PSYoungGen      total 29696K, used 2560K [0x00000000d5580000, 0x00000000d7680000, 0x0000000100000000)
  eden space 26624K, 0% used [0x00000000d5580000,0x00000000d5580000,0x00000000d6f80000)
  from space 3072K, 83% used [0x00000000d6f80000,0x00000000d7200010,0x00000000d7280000)
  to   space 3584K, 0% used [0x00000000d7300000,0x00000000d7300000,0x00000000d7680000)
 ParOldGen       total 68608K, used 19734K [0x0000000080000000, 0x0000000084300000, 0x00000000d5580000)
 Event: 26.642 {heap Before GC invocations=13 (full 1):
 PSYoungGen      total 29696K, used 29184K [0x00000000d5580000, 0x00000000d7680000, 0x0000000100000000)
  eden space 26624K, 100% used [0x00000000d5580000,0x00000000d6f80000,0x00000000d6f80000)
  from space 3072K, 83% used [0x00000000d6f80000,0x00000000d7200010,0x00000000d7280000)
  to   space 3584K, 0% used [0x00000000d7300000,0x00000000d7300000,0x00000000d7680000)
 ParOldGen       total 68608K, used 19734K [0x0000000080000000, 0x0000000084300000, 0x00000000d558000Event: 26.654 {heap After GC invocations=13 (full 1):
 PSYoungGen      total 30720K, used 2468K [0x00000000d5580000, 0x00000000d7680000, 0x0000000100000000)
  eden space 27136K, 0% used [0x00000000d5580000,0x00000000d5580000,0x00000000d7000000)
  from space 3584K, 68% used [0x00000000d7300000,0x00000000d7569000,0x00000000d7680000)
  to   space 3072K, 0% used [0x00000000d7000000,0x00000000d7000000,0x00000000d7300000)
 ParOldGen       total 68608K, used 22205K [0x0000000080000000, 0x0000000084300000, 0x00000000d5580000)
 Event: 27.097 {heap Before GC invocations=14 (full 1):
 PSYoungGen      total 30720K, used 29604K [0x00000000d5580000, 0x00000000d7680000, 0x0000000100000000)
  eden space 27136K, 100% used [0x00000000d5580000,0x00000000d7000000,0x00000000d7000000)
  from space 3584K, 68% used [0x00000000d7300000,0x00000000d7569000,0x00000000d7680000)
  to   space 3072K, 0% used [0x00000000d7000000,0x00000000d7000000,0x00000000d7300000)
 ParOldGen       total 68608K, used 22205K [0x0000000080000000, 0x0000000084300000, 0x00000000d558000Event: 27.109 {heap After GC invocations=14 (full 1):
 PSYoungGen      total 30208K, used 2656K [0x00000000d5580000, 0x00000000d7680000, 0x0000000100000000)
  eden space 27136K, 0% used [0x00000000d5580000,0x00000000d5580000,0x00000000d7000000)
  from space 3072K, 86% used [0x00000000d7000000,0x00000000d7298010,0x00000000d7300000)
  to   space 3072K, 0% used [0x00000000d7380000,0x00000000d7380000,0x00000000d7680000)
 ParOldGen       total 68608K, used 24555K [0x0000000080000000, 0x0000000084300000, 0x00000000d5580000)
 Event: 27.483 {heap Before GC invocations=15 (full 1):
 PSYoungGen      total 30208K, used 29792K [0x00000000d5580000, 0x00000000d7680000, 0x0000000100000000)
  eden space 27136K, 100% used [0x00000000d5580000,0x00000000d7000000,0x00000000d7000000)
  from space 3072K, 86% used [0x00000000d7000000,0x00000000d7298010,0x00000000d7300000)
  to   space 3072K, 0% used [0x00000000d7380000,0x00000000d7380000,0x00000000d7680000)
 ParOldGen       total 68608K, used 24555K [0x0000000080000000, 0x0000000084300000, 0x00000000d558000Event: 27.493 {heap After GC invocations=15 (full 1):
 PSYoungGen      total 31232K, used 2456K [0x00000000d5580000, 0x00000000d7680000, 0x0000000100000000)
  eden space 28160K, 0% used [0x00000000d5580000,0x00000000d5580000,0x00000000d7100000)
  from space 3072K, 79% used [0x00000000d7380000,0x00000000d75e6200,0x00000000d7680000)
  to   space 2560K, 0% used [0x00000000d7100000,0x00000000d7100000,0x00000000d7380000)
 ParOldGen       total 68608K, used 27139K [0x0000000080000000, 0x0000000084300000, 0x00000000d5580000)
 Event: 31.141 {heap Before GC invocations=16 (full 2):
 PSYoungGen      total 31232K, used 29767K [0x00000000d5580000, 0x00000000d7680000, 0x0000000100000000)
  eden space 28160K, 96% used [0x00000000d5580000,0x00000000d702bcb0,0x00000000d7100000)
  from space 3072K, 79% used [0x00000000d7380000,0x00000000d75e6200,0x00000000d7680000)
  to   space 2560K, 0% used [0x00000000d7100000,0x00000000d7100000,0x00000000d7380000)
 ParOldGen       total 68608K, used 27139K [0x0000000080000000, 0x0000000084300000, 0x00000000d5580000Event: 31.273 {heap After GC invocations=16 (full 2):
 PSYoungGen      total 31232K, used 0K [0x00000000d5580000, 0x00000000d7680000, 0x0000000100000000)
  eden space 28160K, 0% used [0x00000000d5580000,0x00000000d5580000,0x00000000d7100000)
  from space 3072K, 0% used [0x00000000d7380000,0x00000000d7380000,0x00000000d7680000)
  to   space 2560K, 0% used [0x00000000d7100000,0x00000000d7100000,0x00000000d7380000)
 ParOldGen       total 68608K, used 30399K [0x0000000080000000, 0x0000000084300000, 0x00000000d5580000)
  objEvent: 33.529 {heap Before GC invocations=17 (full 2):
 PSYoungGen      total 31232K, used 28160K [0x00000000d5580000, 0x00000000d7680000, 0x0000000100000000)
  eden space 28160K, 100% used [0x00000000d5580000,0x00000000d7100000,0x00000000d7100000)
  from space 3072K, 0% used [0x00000000d7380000,0x00000000d7380000,0x00000000d7680000)
  to   space 2560K, 0% used [0x00000000d7100000,0x00000000d7100000,0x00000000d7380000)
 ParOldGen       total 68608K, used 30399K [0x0000000080000000, 0x0000000084300000, 0x00000000d5580000Event: 33.534 {heap After GC invocations=17 (full 2):
 PSYoungGen      total 30720K, used 1834K [0x00000000d5580000, 0x00000000d7680000, 0x0000000100000000)
  eden space 28160K, 0% used [0x00000000d5580000,0x00000000d5580000,0x00000000d7100000)
  from space 2560K, 71% used [0x00000000d7100000,0x00000000d72cabe0,0x00000000d7380000)
  to   space 2560K, 0% used [0x00000000d7400000,0x00000000d7400000,0x00000000d7680000)
 ParOldGen       total 68608K, used 30407K [0x0000000080000000, 0x0000000084300000, 0x00000000d5580000)
 Event: 34.433 {heap Before GC invocations=18 (full 2):
 PSYoungGen      total 30720K, used 29994K [0x00000000d5580000, 0x00000000d7680000, 0x0000000100000000)
  eden space 28160K, 100% used [0x00000000d5580000,0x00000000d7100000,0x00000000d7100000)
  from space 2560K, 71% used [0x00000000d7100000,0x00000000d72cabe0,0x00000000d7380000)
  to   space 2560K, 0% used [0x00000000d7400000,0x00000000d7400000,0x00000000d7680000)
 ParOldGen       total 68608K, used 30407K [0x0000000080000000, 0x0000000084300000, 0x00000000d558000Event: 34.435 {heap After GC invocations=18 (full 2):
 PSYoungGen      total 32768K, used 192K [0x00000000d5580000, 0x00000000d7680000, 0x0000000100000000)
  eden space 30208K, 0% used [0x00000000d5580000,0x00000000d5580000,0x00000000d7300000)
  from space 2560K, 7% used [0x00000000d7400000,0x00000000d7430000,0x00000000d7680000)
  to   space 1024K, 0% used [0x00000000d7300000,0x00000000d7300000,0x00000000d7400000)
 ParOldGen       total 68608K, used 30727K [0x0000000080000000, 0x0000000084300000, 0x00000000d5580000)
  oEvent: 37.589 {heap Before GC invocations=19 (full 2):
 PSYoungGen      total 32768K, used 30400K [0x00000000d5580000, 0x00000000d7680000, 0x0000000100000000)
  eden space 30208K, 100% used [0x00000000d5580000,0x00000000d7300000,0x00000000d7300000)
  from space 2560K, 7% used [0x00000000d7400000,0x00000000d7430000,0x00000000d7680000)
  to   space 1024K, 0% used [0x00000000d7300000,0x00000000d7300000,0x00000000d7400000)
 ParOldGen       total 68608K, used 30727K [0x0000000080000000, 0x0000000084300000, 0x00000000d5580000Event: 37.600 {heap After GC invocations=19 (full 2):
 PSYoungGen      total 30720K, used 1008K [0x00000000d5580000, 0x00000000d7980000, 0x0000000100000000)
  eden space 29696K, 0% used [0x00000000d5580000,0x00000000d5580000,0x00000000d7280000)
  from space 1024K, 98% used [0x00000000d7300000,0x00000000d73fc030,0x00000000d7400000)
  to   space 3584K, 0% used [0x00000000d7600000,0x00000000d7600000,0x00000000d7980000)
 ParOldGen       total 68608K, used 32374K [0x0000000080000000, 0x0000000084300000, 0x00000000d5580000)
 
Metaspace Usage History (20 events):
Event: 23.967 {metaspace Before GC invocations=10 (full 1):
 Metaspace       used 31832K, committed 32576K, reserved 1114112K
  class space    used 2594K, committed 2944K, reserved 1048576K
}
Event: 23.980 {metaspace After GC invocations=10 (full 1):
 Metaspace       used 31832K, committed 32576K, reserved 1114112K
  class space    used 2594K, committed 2944K, reserved 1048576K
}
Event: 25.057 {metaspace Before GC invocations=11 (full 1):
 Metaspace       used 32232K, committed 33024K, reserved 1114112K
  class space    used 2652K, committed 3008K, reserved 1048576K
}
Event: 25.070 {metaspace After GC invocations=11 (full 1):
 Metaspace       used 32232K, committed 33024K, reserved 1114112K
  class space    used 2652K, committed 3008K, reserved 1048576K
}
Event: 25.810 {metaspace Before GC invocations=12 (full 1):
 Metaspace       used 32242K, committed 33024K, reserved 1114112K
  class space    used 2652K, committed 3008K, reserved 1048576K
}
Event: 25.826 {metaspace After GC invocations=12 (full 1):
 Metaspace       used 32242K, committed 33024K, reserved 1114112K
  class space    used 2652K, committed 3008K, reserved 1048576K
}
Event: 26.642 {metaspace Before GC invocations=13 (full 1):
 Metaspace       used 32261K, committed 33024K, reserved 1114112K
  class space    used 2652K, committed 3008K, reserved 1048576K
}
Event: 26.654 {metaspace After GC invocations=13 (full 1):
 Metaspace       used 32261K, committed 33024K, reserved 1114112K
  class space    used 2652K, committed 3008K, reserved 1048576K
}
Event: 27.097 {metaspace Before GC invocations=14 (full 1):
 Metaspace       used 32363K, committed 33152K, reserved 1114112K
  class space    used 2654K, committed 3008K, reserved 1048576K
}
Event: 27.109 {metaspace After GC invocations=14 (full 1):
 Metaspace       used 32363K, committed 33152K, reserved 1114112K
  class space    used 2654K, committed 3008K, reserved 1048576K
}
Event: 27.483 {metaspace Before GC invocations=15 (full 1):
 Metaspace       used 32452K, committed 33280K, reserved 1114112K
  class space    used 2655K, committed 3008K, reserved 1048576K
}
Event: 27.493 {metaspace After GC invocations=15 (full 1):
 Metaspace       used 32452K, committed 33280K, reserved 1114112K
  class space    used 2655K, committed 3008K, reserved 1048576K
}
Event: 31.141 {metaspace Before GC invocations=16 (full 2):
 Metaspace       used 35003K, committed 35840K, reserved 1114112K
  class space    used 2939K, committed 3328K, reserved 1048576K
}
Event: 31.273 {metaspace After GC invocations=16 (full 2):
 Metaspace       used 34990K, committed 35840K, reserved 1114112K
  class space    used 2935K, committed 3328K, reserved 1048576K
}
Event: 33.529 {metaspace Before GC invocations=17 (full 2):
 Metaspace       used 36418K, committed 37312K, reserved 1114112K
  class space    used 3041K, committed 3456K, reserved 1048576K
}
Event: 33.534 {metaspace After GC invocations=17 (full 2):
 Metaspace       used 36418K, committed 37312K, reserved 1114112K
  class space    used 3041K, committed 3456K, reserved 1048576K
}
Event: 34.433 {metaspace Before GC invocations=18 (full 2):
 Metaspace       used 37188K, committed 38016K, reserved 1114112K
  class space    used 3108K, committed 3456K, reserved 1048576K
}
Event: 34.435 {metaspace After GC invocations=18 (full 2):
 Metaspace       used 37188K, committed 38016K, reserved 1114112K
  class space    used 3108K, committed 3456K, reserved 1048576K
}
Event: 37.589 {metaspace Before GC invocations=19 (full 2):
 Metaspace       used 40380K, committed 41280K, reserved 1114112K
  class space    used 3401K, committed 3776K, reserved 1048576K
}
Event: 37.600 {metaspace After GC invocations=19 (full 2):
 Metaspace       used 40380K, committed 41280K, reserved 1114112K
  class space    used 3401K, committed 3776K, reserved 1048576K
}

Dll operation events (10 events):
Event: 0.043 Loaded shared library C:\Program Files\Eclipse Adoptium\jdk-25.0.1.8-hotspot\bin\java.dll
Event: 0.246 Loaded shared library C:\Program Files\Eclipse Adoptium\jdk-25.0.1.8-hotspot\bin\zip.dll
Event: 0.253 Loaded shared library C:\Program Files\Eclipse Adoptium\jdk-25.0.1.8-hotspot\bin\instrument.dll
Event: 0.261 Loaded shared library C:\Program Files\Eclipse Adoptium\jdk-25.0.1.8-hotspot\bin\net.dll
Event: 0.267 Loaded shared library C:\Program Files\Eclipse Adoptium\jdk-25.0.1.8-hotspot\bin\nio.dll
Event: 0.275 Loaded shared library C:\Program Files\Eclipse Adoptium\jdk-25.0.1.8-hotspot\bin\zip.dll
Event: 0.310 Loaded shared library C:\Program Files\Eclipse Adoptium\jdk-25.0.1.8-hotspot\bin\jimage.dll
Event: 0.482 Loaded shared library C:\Program Files\Eclipse Adoptium\jdk-25.0.1.8-hotspot\bin\verify.dll
Event: 7.018 Loaded shared library C:\Users\darsh\AppData\Roaming\Windsurf\User\globalStorage\redhat.java\1.52.0\config_ss_win\org.eclipse.equinox.launcher\org.eclipse.equinox.launcher.win32.win32.x86_64_1.2.1500.v20260121-1430\eclipse_11919.dll
Event: 13.236 Loaded shared library C:\Users\darsh\AppData\Local\Temp\jna-95355050\jna16122097003546419051.dll

Deoptimization events (20 events):
Event: 41.959 Thread 0x000002371518b080 Uncommon trap: trap_request=0xffffff45 fr.pc=0x0000023707c9bb88 relative=0x0000000000000088
Event: 41.959 Thread 0x000002371518b080 Uncommon trap: reason=unstable_if action=reinterpret pc=0x0000023707c9bb88 method=java.util.Hashtable$Enumerator.nextElement()Ljava/lang/Object; @ 87 c2
Event: 41.959 Thread 0x000002371518b080 DEOPT PACKING pc=0x0000023707c9bb88 sp=0x000000ed263fe3c0
Event: 41.959 Thread 0x000002371518b080 DEOPT UNPACKING pc=0x00000237075b2702 sp=0x000000ed263fe340 mode 2
Event: 42.040 Thread 0x00000237178b9f10 Uncommon trap: trap_request=0xffffffcc fr.pc=0x0000023707d5795c relative=0x00000000000069dc
Event: 42.040 Thread 0x00000237178b9f10 Uncommon trap: reason=intrinsic_or_type_checked_inlining action=make_not_entrant pc=0x0000023707d5795c method=java.util.ArrayList.toArray([Ljava/lang/Object;)[Ljava/lang/Object; @ 36 c2
Event: 42.040 Thread 0x00000237178b9f10 DEOPT PACKING pc=0x0000023707d5795c sp=0x000000ed24ffd9d0
Event: 42.040 Thread 0x00000237178b9f10 DEOPT UNPACKING pc=0x00000237075b2702 sp=0x000000ed24ffd910 mode 2
Event: 42.258 Thread 0x000002371518b080 Uncommon trap: trap_request=0xffffffc6 fr.pc=0x0000023707d44990 relative=0x0000000000000410
Event: 42.258 Thread 0x000002371518b080 Uncommon trap: reason=bimorphic_or_optimized_type_check action=maybe_recompile pc=0x0000023707d44990 method=java.lang.reflect.Field.get(Ljava/lang/Object;)Ljava/lang/Object; @ 22 c2
Event: 42.258 Thread 0x000002371518b080 DEOPT PACKING pc=0x0000023707d44990 sp=0x000000ed263febf0
Event: 42.258 Thread 0x000002371518b080 DEOPT UNPACKING pc=0x00000237075b2702 sp=0x000000ed263feba0 mode 2
Event: 42.259 Thread 0x000002371518b080 Uncommon trap: trap_request=0xffffffc6 fr.pc=0x0000023707d44990 relative=0x0000000000000410
Event: 42.259 Thread 0x000002371518b080 Uncommon trap: reason=bimorphic_or_optimized_type_check action=maybe_recompile pc=0x0000023707d44990 method=java.lang.reflect.Field.get(Ljava/lang/Object;)Ljava/lang/Object; @ 22 c2
Event: 42.259 Thread 0x000002371518b080 DEOPT PACKING pc=0x0000023707d44990 sp=0x000000ed263feae0
Event: 42.259 Thread 0x000002371518b080 DEOPT UNPACKING pc=0x00000237075b2702 sp=0x000000ed263fea90 mode 2
Event: 42.291 Thread 0x000002371518b080 Uncommon trap: trap_request=0xffffff45 fr.pc=0x0000023707b927f4 relative=0x0000000000000174
Event: 42.291 Thread 0x000002371518b080 Uncommon trap: reason=unstable_if action=reinterpret pc=0x0000023707b927f4 method=java.util.concurrent.ConcurrentHashMap.get(Ljava/lang/Object;)Ljava/lang/Object; @ 152 c2
Event: 42.291 Thread 0x000002371518b080 DEOPT PACKING pc=0x0000023707b927f4 sp=0x000000ed263fe6c0
Event: 42.291 Thread 0x000002371518b080 DEOPT UNPACKING pc=0x00000237075b2702 sp=0x000000ed263fe638 mode 2

Classes loaded (20 events):
Event: 35.133 Loading class java/util/Hashtable$ValueCollection
Event: 35.142 Loading class java/util/Hashtable$ValueCollection done
Event: 35.735 Loading class java/util/WeakHashMap$KeyIterator
Event: 35.735 Loading class java/util/WeakHashMap$KeyIterator done
Event: 35.738 Loading class java/util/regex/PatternSyntaxException
Event: 35.757 Loading class java/util/regex/PatternSyntaxException done
Event: 35.791 Loading class java/lang/invoke/TypeConvertingMethodAdapter$BoxHolder
Event: 35.793 Loading class java/lang/invoke/TypeConvertingMethodAdapter$BoxHolder done
Event: 36.492 Loading class java/io/FileReader
Event: 36.493 Loading class java/io/FileReader done
Event: 36.498 Loading class java/lang/UnsupportedClassVersionError
Event: 36.499 Loading class java/lang/UnsupportedClassVersionError done
Event: 36.936 Loading class java/util/stream/ReduceOps$4
Event: 36.937 Loading class java/util/stream/ReduceOps$4 done
Event: 36.937 Loading class java/util/stream/ReduceOps$4ReducingSink
Event: 36.938 Loading class java/util/stream/ReduceOps$4ReducingSink done
Event: 42.292 Loading class java/util/concurrent/ConcurrentHashMap$TreeNode
Event: 42.307 Loading class java/util/concurrent/ConcurrentHashMap$TreeNode done
Event: 42.307 Loading class java/util/concurrent/ConcurrentHashMap$TreeBin
Event: 42.312 Loading class java/util/concurrent/ConcurrentHashMap$TreeBin done

Classes unloaded (14 events):
Event: 15.806 Thread 0x0000023775017c40 Unloading class 0x000000003c133c00 'java/lang/invoke/LambdaForm$MH+0x000000003c133c00'
Event: 15.806 Thread 0x0000023775017c40 Unloading class 0x000000003c133800 'java/lang/invoke/LambdaForm$MH+0x000000003c133800'
Event: 15.806 Thread 0x0000023775017c40 Unloading class 0x000000003c133400 'java/lang/invoke/LambdaForm$MH+0x000000003c133400'
Event: 15.806 Thread 0x0000023775017c40 Unloading class 0x000000003c133000 'java/lang/invoke/LambdaForm$MH+0x000000003c133000'
Event: 15.806 Thread 0x0000023775017c40 Unloading class 0x000000003c132c00 'java/lang/invoke/LambdaForm$BMH+0x000000003c132c00'
Event: 15.806 Thread 0x0000023775017c40 Unloading class 0x000000003c132800 'java/lang/invoke/LambdaForm$DMH+0x000000003c132800'
Event: 15.806 Thread 0x0000023775017c40 Unloading class 0x000000003c131000 'java/lang/invoke/LambdaForm$DMH+0x000000003c131000'
Event: 31.169 Thread 0x0000023775017c40 Unloading class 0x000000003c2fa000 'java/lang/invoke/LambdaForm$MH+0x000000003c2fa000'
Event: 31.169 Thread 0x0000023775017c40 Unloading class 0x000000003c2f9800 'java/lang/invoke/LambdaForm$MH+0x000000003c2f9800'
Event: 31.169 Thread 0x0000023775017c40 Unloading class 0x000000003c2f9000 'java/lang/invoke/LambdaForm$MH+0x000000003c2f9000'
Event: 31.169 Thread 0x0000023775017c40 Unloading class 0x000000003c2f8800 'java/lang/invoke/LambdaForm$MH+0x000000003c2f8800'
Event: 31.169 Thread 0x0000023775017c40 Unloading class 0x000000003c2f8000 'java/lang/invoke/LambdaForm$MH+0x000000003c2f8000'
Event: 31.169 Thread 0x0000023775017c40 Unloading class 0x000000003c2f5400 'java/lang/invoke/LambdaForm$MH+0x000000003c2f5400'
Event: 31.169 Thread 0x0000023775017c40 Unloading class 0x000000003c2f4c00 'java/lang/invoke/LambdaForm$MH+0x000000003c2f4c00'

Classes redefined (0 events):
No events

Internal exceptions (20 events):
Event: 36.195 Thread 0x000002371588a360 Exception <a 'java/lang/NoSuchMethodError'{0x00000000d65b9410}: 'java.lang.Object java.lang.invoke.DirectMethodHandle$Holder.invokeSpecial(java.lang.Object, java.lang.Object, int, long)'> (0x00000000d65b9410) 
thrown [s\src\hotspot\share\interpreter\linkResolver.cpp, line 804]
Event: 36.196 Thread 0x000002371588a360 Exception <a 'java/lang/NoSuchMethodError'{0x00000000d65c1e48}: 'java.lang.Object java.lang.invoke.DirectMethodHandle$Holder.invokeSpecial(java.lang.Object, java.lang.Object, java.lang.Object, int, long)'> (0x00000000d65c1e48) 
thrown [s\src\hotspot\share\interpreter\linkResolver.cpp, line 804]
Event: 36.196 Thread 0x000002371588a360 Exception <a 'java/lang/NoSuchMethodError'{0x00000000d65c9f78}: 'java.lang.Object java.lang.invoke.DelegatingMethodHandle$Holder.reinvoke_L(java.lang.Object, java.lang.Object, int, long)'> (0x00000000d65c9f78) 
thrown [s\src\hotspot\share\interpreter\linkResolver.cpp, line 804]
Event: 36.453 Thread 0x000002371518a8b0 Exception <a 'java/lang/ArrayIndexOutOfBoundsException'{0x00000000d6713868}> (0x00000000d6713868) 
thrown [s\src\hotspot\share\runtime\sharedRuntime.cpp, line 681]
Event: 36.562 Thread 0x000002371518b080 Exception <a 'java/lang/NoSuchMethodError'{0x00000000d683b1d8}: 'int java.lang.invoke.Invokers$Holder.invokeExact_MT(java.lang.Object, java.lang.Object)'> (0x00000000d683b1d8) 
thrown [s\src\hotspot\share\interpreter\linkResolver.cpp, line 804]
Event: 36.725 Thread 0x000002371518b080 Exception <a 'java/lang/NoSuchMethodError'{0x00000000d69f7d20}: 'int java.lang.invoke.DirectMethodHandle$Holder.invokeInterface(java.lang.Object, java.lang.Object)'> (0x00000000d69f7d20) 
thrown [s\src\hotspot\share\interpreter\linkResolver.cpp, line 804]
Event: 36.726 Thread 0x000002371518b080 Exception <a 'java/lang/IncompatibleClassChangeError'{0x00000000d69ffc88}: Found class java.lang.Object, but interface was expected> (0x00000000d69ffc88) 
thrown [s\src\hotspot\share\interpreter\linkResolver.cpp, line 871]
Event: 36.930 Thread 0x000002371518b080 Exception <a 'java/lang/NoSuchMethodError'{0x00000000d6d19ec0}: 'int java.lang.invoke.DirectMethodHandle$Holder.invokeVirtual(java.lang.Object, java.lang.Object, java.lang.Object)'> (0x00000000d6d19ec0) 
thrown [s\src\hotspot\share\interpreter\linkResolver.cpp, line 804]
Event: 36.973 Thread 0x000002371518b080 Exception <a 'java/lang/NoSuchMethodError'{0x00000000d6d98ab8}: 'int java.lang.invoke.DirectMethodHandle$Holder.invokeSpecialIFC(java.lang.Object, java.lang.Object, java.lang.Object)'> (0x00000000d6d98ab8) 
thrown [s\src\hotspot\share\interpreter\linkResolver.cpp, line 804]
Event: 37.078 Thread 0x00000237178b9f10 Implicit null exception at 0x0000023707cee02f to 0x0000023707cee1f8
Event: 37.104 Thread 0x00000237178b9f10 Exception <a 'java/lang/LinkageError'{0x00000000d7006780}: loader lombok.launch.ShadowClassLoader @7b8d9397 attempted duplicate class definition for lombok.launch.PatchFixesHider$Delegate. (lombok.launch.PatchFixesHider$Delegate is in unnamed module of loader lombok.launch.ShadowClassLoader @7b8d9397, parent loader org.eclipse.osgi.internal.loader.EquinoxClassLoader @223de44a)> (0x00000000d7006780) 
thrown [s\src\hotspot\share\classfile\systemDictionary.cpp, line 1635]
Event: 37.326 Thread 0x00000237178b9f10 Exception <a 'java/io/FileNotFoundException'{0x00000000d722a980}> (0x00000000d722a980) 
thrown [s\src\hotspot\share\prims\jni.cpp, line 516]
Event: 37.328 Thread 0x000002371518b080 Exception <a 'java/io/FileNotFoundException'{0x00000000d71daba0}> (0x00000000d71daba0) 
thrown [s\src\hotspot\share\prims\jni.cpp, line 516]
Event: 39.090 Thread 0x00000237178b9f10 Exception <a 'java/lang/LinkageError'{0x00000000d5c7c900}: loader lombok.launch.ShadowClassLoader @7b8d9397 attempted duplicate class definition for lombok.launch.PatchFixesHider$Val. (lombok.launch.PatchFixesHider$Val is in unnamed module of loader lombok.launch.ShadowClassLoader @7b8d9397, parent loader org.eclipse.osgi.internal.loader.EquinoxClassLoader @223de44a)> (0x00000000d5c7c900) 
thrown [s\src\hotspot\share\classfile\systemDictionary.cpp, line 1635]
Event: 39.172 Thread 0x00000237178b9f10 Exception <a 'java/lang/LinkageError'{0x00000000d5d8e390}: loader lombok.launch.ShadowClassLoader @7b8d9397 attempted duplicate class definition for lombok.launch.PatchFixesHider$ExtensionMethod. (lombok.launch.PatchFixesHider$ExtensionMethod is in unnamed module of loader lombok.launch.ShadowClassLoader @7b8d9397, parent loader org.eclipse.osgi.internal.loader.EquinoxClassLoader @223de44a)> (0x00000000d5d8e390) 
thrown [s\src\hotspot\share\classfile\systemDictionary.cpp, line 1635]
Event: 40.638 Thread 0x000002371518b080 Exception <a 'java/lang/NoSuchMethodError'{0x00000000d62db398}: 'void java.lang.invoke.DirectMethodHandle$Holder.invokeVirtual(java.lang.Object, java.lang.Object, java.lang.Object, java.lang.Object, java.lang.Object)'> (0x00000000d62db398) 
thrown [s\src\hotspot\share\interpreter\linkResolver.cpp, line 804]
Event: 41.250 Thread 0x00000237178b9f10 Implicit null exception at 0x0000023707c1cf33 to 0x0000023707c1d128
Event: 41.384 Thread 0x00000237178b9f10 Exception <a 'java/io/FileNotFoundException'{0x00000000d66836b8}> (0x00000000d66836b8) 
thrown [s\src\hotspot\share\prims\jni.cpp, line 516]
Event: 41.385 Thread 0x00000237178b9f10 Exception <a 'java/io/FileNotFoundException'{0x00000000d66846e0}> (0x00000000d66846e0) 
thrown [s\src\hotspot\share\prims\jni.cpp, line 516]
Event: 41.385 Thread 0x00000237178b9f10 Exception <a 'java/io/FileNotFoundException'{0x00000000d6685468}> (0x00000000d6685468) 
thrown [s\src\hotspot\share\prims\jni.cpp, line 516]

VM Operations (20 events):
Event: 28.712 Executing non-safepoint VM operation: HandshakeAllThreads (Deoptimize)
Event: 28.712 Executing non-safepoint VM operation: HandshakeAllThreads (Deoptimize) done
Event: 31.141 Executing safepoint VM operation: CollectForMetadataAllocation (Metadata GC Threshold)
Event: 31.273 Executing safepoint VM operation: CollectForMetadataAllocation (Metadata GC Threshold) done
Event: 33.528 Executing safepoint VM operation: ParallelCollectForAllocation (Allocation Failure)
Event: 33.534 Executing safepoint VM operation: ParallelCollectForAllocation (Allocation Failure) done
Event: 34.433 Executing safepoint VM operation: ParallelCollectForAllocation (Allocation Failure)
Event: 34.435 Executing safepoint VM operation: ParallelCollectForAllocation (Allocation Failure) done
Event: 34.735 Executing non-safepoint VM operation: HandshakeAllThreads (Deoptimize)
Event: 34.736 Executing non-safepoint VM operation: HandshakeAllThreads (Deoptimize) done
Event: 36.552 Executing non-safepoint VM operation: HandshakeAllThreads (Deoptimize)
Event: 36.552 Executing non-safepoint VM operation: HandshakeAllThreads (Deoptimize) done
Event: 37.001 Executing non-safepoint VM operation: HandshakeAllThreads (Deoptimize)
Event: 37.002 Executing non-safepoint VM operation: HandshakeAllThreads (Deoptimize) done
Event: 37.588 Executing safepoint VM operation: ParallelCollectForAllocation (Allocation Failure)
Event: 37.600 Executing safepoint VM operation: ParallelCollectForAllocation (Allocation Failure) done
Event: 37.657 Executing non-safepoint VM operation: HandshakeAllThreads (Deoptimize)
Event: 37.657 Executing non-safepoint VM operation: HandshakeAllThreads (Deoptimize) done
Event: 38.122 Executing non-safepoint VM operation: HandshakeAllThreads (Deoptimize)
Event: 38.128 Executing non-safepoint VM operation: HandshakeAllThreads (Deoptimize) done

Memory protections (0 events):
No events

Nmethod flushes (20 events):
Event: 31.207 Thread 0x0000023775017c40 flushing  nmethod 0x00000237002ff388
Event: 31.207 Thread 0x0000023775017c40 flushing  nmethod 0x0000023700318308
Event: 31.207 Thread 0x0000023775017c40 flushing  nmethod 0x0000023700331788
Event: 31.207 Thread 0x0000023775017c40 flushing  nmethod 0x0000023700332888
Event: 31.207 Thread 0x0000023775017c40 flushing  nmethod 0x0000023700332b88
Event: 31.207 Thread 0x0000023775017c40 flushing  nmethod 0x0000023700337e08
Event: 31.207 Thread 0x0000023775017c40 flushing  nmethod 0x0000023700374d88
Event: 31.207 Thread 0x0000023775017c40 flushing  nmethod 0x000002370038f888
Event: 31.207 Thread 0x0000023775017c40 flushing  nmethod 0x000002370038fb88
Event: 31.207 Thread 0x0000023775017c40 flushing  nmethod 0x00000237003d3088
Event: 31.207 Thread 0x0000023775017c40 flushing  nmethod 0x00000237003d7b08
Event: 31.207 Thread 0x0000023775017c40 flushing  nmethod 0x00000237003e1208
Event: 31.207 Thread 0x0000023775017c40 flushing  nmethod 0x00000237003ed408
Event: 31.207 Thread 0x0000023775017c40 flushing  nmethod 0x0000023700406488
Event: 31.207 Thread 0x0000023775017c40 flushing  nmethod 0x000002370040b908
Event: 31.207 Thread 0x0000023775017c40 flushing  nmethod 0x0000023700440808
Event: 31.207 Thread 0x0000023775017c40 flushing  nmethod 0x0000023700460588
Event: 31.207 Thread 0x0000023775017c40 flushing  nmethod 0x000002370048b908
Event: 31.207 Thread 0x0000023775017c40 flushing  nmethod 0x000002370049b808
Event: 31.207 Thread 0x0000023775017c40 flushing  nmethod 0x000002370049f508

Events (20 events):
Event: 28.208 Thread 0x00000237150f2e90 Thread exited: 0x00000237150f2e90
Event: 28.635 Thread 0x0000023774fa2780 Thread added: 0x00000237150f2e90
Event: 28.938 Thread 0x00000237150f2e90 Thread exited: 0x00000237150f2e90
Event: 33.580 Thread 0x0000023774fa3fb0 Thread added: 0x00000237150fa780
Event: 33.604 Thread 0x0000023774fa3fb0 Thread added: 0x00000237150f8f50
Event: 35.389 Thread 0x00000237150f8f50 Thread exited: 0x00000237150f8f50
Event: 35.555 Thread 0x00000237150fa780 Thread exited: 0x00000237150fa780
Event: 35.688 Thread 0x0000023774fa2780 Thread added: 0x00000237150f8f50
Event: 35.784 Thread 0x00000237178bdd90 Thread added: 0x000002371518a8b0
Event: 35.809 Thread 0x00000237178bdd90 Thread added: 0x000002371518b080
Event: 36.155 Thread 0x00000237150f8f50 Thread exited: 0x00000237150f8f50
Event: 36.165 Thread 0x0000023774fa3fb0 Thread added: 0x00000237150f8f50
Event: 37.005 Thread 0x0000023774fa2780 Thread added: 0x00000237150f6f10
Event: 37.343 Thread 0x00000237150f6f10 Thread exited: 0x00000237150f6f10
Event: 37.920 Thread 0x0000023774fa2780 Thread added: 0x00000237170ee250
Event: 38.171 Thread 0x00000237170ee250 Thread exited: 0x00000237170ee250
Event: 39.688 Thread 0x0000023774fa2780 Thread added: 0x00000237170ec210
Event: 39.873 Thread 0x00000237170ec210 Thread exited: 0x00000237170ec210
Event: 41.137 Thread 0x00000237150f8f50 Thread exited: 0x00000237150f8f50
Event: 41.490 Thread 0x0000023774fa2780 Thread added: 0x00000237170eca20


Dynamic libraries:
0x00007ff73e430000 - 0x00007ff73e43e000 	C:\Program Files\Eclipse Adoptium\jdk-25.0.1.8-hotspot\bin\java.exe
0x00007ff8c2300000 - 0x00007ff8c2568000 	C:\WINDOWS\SYSTEM32\ntdll.dll
0x00007ff8c14d0000 - 0x00007ff8c1599000 	C:\WINDOWS\System32\KERNEL32.DLL
0x00007ff8bfca0000 - 0x00007ff8c0091000 	C:\WINDOWS\System32\KERNELBASE.dll
0x00007ff8bf5a0000 - 0x00007ff8bf6eb000 	C:\WINDOWS\System32\ucrtbase.dll
0x00007ff84a2d0000 - 0x00007ff84a2ee000 	C:\Program Files\Eclipse Adoptium\jdk-25.0.1.8-hotspot\bin\VCRUNTIME140.dll
0x00007ff849630000 - 0x00007ff849646000 	C:\Program Files\Eclipse Adoptium\jdk-25.0.1.8-hotspot\bin\jli.dll
0x00007ff8c1a60000 - 0x00007ff8c1c26000 	C:\WINDOWS\System32\USER32.dll
0x00007ff8bf8d0000 - 0x00007ff8bf8f7000 	C:\WINDOWS\System32\win32u.dll
0x00007ff8c0a70000 - 0x00007ff8c0a9b000 	C:\WINDOWS\System32\GDI32.dll
0x00007ff8a6610000 - 0x00007ff8a68a3000 	C:\WINDOWS\WinSxS\amd64_microsoft.windows.common-controls_6595b64144ccf1df_6.0.26100.7824_none_3e0870b2e3345462\COMCTL32.dll
0x00007ff8bf6f0000 - 0x00007ff8bf81b000 	C:\WINDOWS\System32\gdi32full.dll
0x00007ff8c1d40000 - 0x00007ff8c1de9000 	C:\WINDOWS\System32\msvcrt.dll
0x00007ff8bf900000 - 0x00007ff8bf9a3000 	C:\WINDOWS\System32\msvcp_win.dll
0x00007ff8c1490000 - 0x00007ff8c14c1000 	C:\WINDOWS\System32\IMM32.DLL
0x00007ff893b50000 - 0x00007ff893b5c000 	C:\Program Files\Eclipse Adoptium\jdk-25.0.1.8-hotspot\bin\vcruntime140_1.dll
0x00007ff83ca80000 - 0x00007ff83cb0d000 	C:\Program Files\Eclipse Adoptium\jdk-25.0.1.8-hotspot\bin\msvcp140.dll
0x00007fffe4000000 - 0x00007fffe4f26000 	C:\Program Files\Eclipse Adoptium\jdk-25.0.1.8-hotspot\bin\server\jvm.dll
0x00007ff8c0b70000 - 0x00007ff8c0c24000 	C:\WINDOWS\System32\ADVAPI32.dll
0x00007ff8c17e0000 - 0x00007ff8c1886000 	C:\WINDOWS\System32\sechost.dll
0x00007ff8c0770000 - 0x00007ff8c0888000 	C:\WINDOWS\System32\RPCRT4.dll
0x00007ff8c1df0000 - 0x00007ff8c1e64000 	C:\WINDOWS\System32\WS2_32.dll
0x00007ff8bea40000 - 0x00007ff8bea9e000 	C:\WINDOWS\SYSTEM32\POWRPROF.dll
0x00007ff8b53c0000 - 0x00007ff8b53f5000 	C:\WINDOWS\SYSTEM32\WINMM.dll
0x00007ff8aebf0000 - 0x00007ff8aebfb000 	C:\WINDOWS\SYSTEM32\VERSION.dll
0x00007ff8bea20000 - 0x00007ff8bea34000 	C:\WINDOWS\SYSTEM32\UMPDC.dll
0x00007ff8bd980000 - 0x00007ff8bd99b000 	C:\WINDOWS\SYSTEM32\kernel.appcore.dll
0x00007ff8939f0000 - 0x00007ff8939fa000 	C:\Program Files\Eclipse Adoptium\jdk-25.0.1.8-hotspot\bin\jimage.dll
0x00007ff8bc5b0000 - 0x00007ff8bc7f2000 	C:\WINDOWS\SYSTEM32\DBGHELP.DLL
0x00007ff8c1f30000 - 0x00007ff8c22b6000 	C:\WINDOWS\System32\combase.dll
0x00007ff8c01a0000 - 0x00007ff8c0277000 	C:\WINDOWS\System32\OLEAUT32.dll
0x00007ff8a0ac0000 - 0x00007ff8a0afb000 	C:\WINDOWS\SYSTEM32\dbgcore.DLL
0x00007ff8bf820000 - 0x00007ff8bf8c5000 	C:\WINDOWS\System32\bcryptPrimitives.dll
0x00007ff893410000 - 0x00007ff89341f000 	C:\Program Files\Eclipse Adoptium\jdk-25.0.1.8-hotspot\bin\instrument.dll
0x00007ff840ed0000 - 0x00007ff840eee000 	C:\Program Files\Eclipse Adoptium\jdk-25.0.1.8-hotspot\bin\java.dll
0x00007ff8c1890000 - 0x00007ff8c1a27000 	C:\WINDOWS\System32\ole32.dll
0x00007ff8c0d30000 - 0x00007ff8c1482000 	C:\WINDOWS\System32\SHELL32.dll
0x00007ff8bf9b0000 - 0x00007ff8bfb1a000 	C:\WINDOWS\System32\wintypes.dll
0x00007ff8bebe0000 - 0x00007ff8bf443000 	C:\WINDOWS\System32\windows.storage.dll
0x00007ff8c00a0000 - 0x00007ff8c0196000 	C:\WINDOWS\System32\SHCORE.dll
0x00007ff8c1cd0000 - 0x00007ff8c1d37000 	C:\WINDOWS\System32\shlwapi.dll
0x00007ff8beb00000 - 0x00007ff8beb29000 	C:\WINDOWS\SYSTEM32\profapi.dll
0x00007ff840e40000 - 0x00007ff840e57000 	C:\Program Files\Eclipse Adoptium\jdk-25.0.1.8-hotspot\bin\zip.dll
0x00007ff840c00000 - 0x00007ff840c11000 	C:\Program Files\Eclipse Adoptium\jdk-25.0.1.8-hotspot\bin\net.dll
0x00007ff8bdef0000 - 0x00007ff8bdf5b000 	C:\WINDOWS\system32\mswsock.dll
0x00007ff840be0000 - 0x00007ff840bf6000 	C:\Program Files\Eclipse Adoptium\jdk-25.0.1.8-hotspot\bin\nio.dll
0x00007ff8912a0000 - 0x00007ff8912b0000 	C:\Program Files\Eclipse Adoptium\jdk-25.0.1.8-hotspot\bin\verify.dll
0x00007ff84a940000 - 0x00007ff84a985000 	C:\Users\darsh\AppData\Roaming\Windsurf\User\globalStorage\redhat.java\1.52.0\config_ss_win\org.eclipse.equinox.launcher\org.eclipse.equinox.launcher.win32.win32.x86_64_1.2.1500.v20260121-1430\eclipse_11919.dll
0x00007ff8be1c0000 - 0x00007ff8be1db000 	C:\WINDOWS\SYSTEM32\CRYPTSP.dll
0x00007ff8bd8e0000 - 0x00007ff8bd919000 	C:\WINDOWS\system32\rsaenh.dll
0x00007ff8bdfa0000 - 0x00007ff8bdfcb000 	C:\WINDOWS\SYSTEM32\USERENV.dll
0x00007ff8bead0000 - 0x00007ff8beafa000 	C:\WINDOWS\SYSTEM32\bcrypt.dll
0x00007ff8be1e0000 - 0x00007ff8be1ec000 	C:\WINDOWS\SYSTEM32\CRYPTBASE.dll
0x00007ff8bd3b0000 - 0x00007ff8bd3e4000 	C:\WINDOWS\SYSTEM32\IPHLPAPI.DLL
0x00007ff8c0b60000 - 0x00007ff8c0b6a000 	C:\WINDOWS\System32\NSI.dll
0x00007ff83cfa0000 - 0x00007ff83cfe9000 	C:\Users\darsh\AppData\Local\Temp\jna-95355050\jna16122097003546419051.dll
0x00007ff8c1c40000 - 0x00007ff8c1c48000 	C:\WINDOWS\System32\PSAPI.DLL
0x00007ff8b8630000 - 0x00007ff8b8757000 	C:\WINDOWS\SYSTEM32\winhttp.dll
0x00007ff8b8760000 - 0x00007ff8b877e000 	C:\WINDOWS\SYSTEM32\dhcpcsvc6.DLL
0x00007ff8b87d0000 - 0x00007ff8b87f3000 	C:\WINDOWS\SYSTEM32\dhcpcsvc.DLL

JVMTI agents:
c:\Users\darsh\.windsurf\extensions\redhat.java-1.52.0-universal\lombok\lombok-1.18.39-4050.jar path:C:\Program Files\Eclipse Adoptium\jdk-25.0.1.8-hotspot\bin\instrument.dll, loaded, initialized, instrumentlib options:none

dbghelp: loaded successfully - version: 4.0.5 - missing functions: none
symbol engine: initialized successfully - sym options: 0x614 - pdb path: .;C:\Program Files\Eclipse Adoptium\jdk-25.0.1.8-hotspot\bin;C:\WINDOWS\SYSTEM32;C:\WINDOWS\WinSxS\amd64_microsoft.windows.common-controls_6595b64144ccf1df_6.0.26100.7824_none_3e0870b2e3345462;C:\Program Files\Eclipse Adoptium\jdk-25.0.1.8-hotspot\bin\server;C:\Users\darsh\AppData\Roaming\Windsurf\User\globalStorage\redhat.java\1.52.0\config_ss_win\org.eclipse.equinox.launcher\org.eclipse.equinox.launcher.win32.win32.x86_64_1.2.1500.v20260121-1430;C:\Users\darsh\AppData\Local\Temp\jna-95355050

VM Arguments:
jvm_args: -Djdk.xml.maxGeneralEntitySizeLimit=0 -Djdk.xml.totalEntitySizeLimit=0 --add-modules=ALL-SYSTEM --add-opens=java.base/java.util=ALL-UNNAMED --add-opens=java.base/java.lang=ALL-UNNAMED --add-opens=java.base/sun.nio.fs=ALL-UNNAMED -Declipse.application=org.eclipse.jdt.ls.core.id1 -Dosgi.bundles.defaultStartLevel=4 -Declipse.product=org.eclipse.jdt.ls.core.product -Djava.import.generatesMetadataFilesAtProjectRoot=false -DDetectVMInstallationsJob.disabled=true -Dfile.encoding=utf8 -XX:+UseParallelGC -XX:GCTimeRatio=4 -XX:AdaptiveSizePolicyWeight=90 -Dsun.zip.disableMemoryMapping=true -Xmx2G -Xms100m -Xlog:disable -javaagent:c:\Users\darsh\.windsurf\extensions\redhat.java-1.52.0-universal\lombok\lombok-1.18.39-4050.jar 
java_command: c:\Users\darsh\.windsurf\extensions\redhat.java-1.52.0-universal\server\plugins\org.eclipse.equinox.launcher_1.7.100.v20251111-0406.jar -configuration c:\Users\darsh\AppData\Roaming\Windsurf\User\globalStorage\redhat.java\1.52.0\config_ss_win -data c:\Users\darsh\AppData\Roaming\Windsurf\User\workspaceStorage\ae953376828d61dda7268ca9c5244790\redhat.java\ss_ws --pipe=\\.\pipe\lsp-c830993be0ada82b34de5c23d39004b5-sock
java_class_path (initial): c:\Users\darsh\.windsurf\extensions\redhat.java-1.52.0-universal\server\plugins\org.eclipse.equinox.launcher_1.7.100.v20251111-0406.jar
Launcher Type: SUN_STANDARD

[Global flags]
     uint AdaptiveSizePolicyWeight                 = 90                                        {product} {command line}
     intx CICompilerCount                          = 4                                         {product} {ergonomic}
     uint GCTimeRatio                              = 4                                         {product} {command line}
   size_t InitialHeapSize                          = 104857600                                 {product} {command line}
   size_t MaxHeapSize                              = 2147483648                                {product} {command line}
   size_t MaxNewSize                               = 715653120                                 {product} {ergonomic}
   size_t MinHeapDeltaBytes                        = 524288                                    {product} {ergonomic}
   size_t MinHeapSize                              = 104857600                                 {product} {command line}
   size_t NewSize                                  = 34603008                                  {product} {ergonomic}
    uintx NonNMethodCodeHeapSize                   = 5832704                                {pd product} {ergonomic}
    uintx NonProfiledCodeHeapSize                  = 122945536                              {pd product} {ergonomic}
    uintx ProfiledCodeHeapSize                     = 122880000                              {pd product} {ergonomic}
    uintx ReservedCodeCacheSize                    = 251658240                              {pd product} {ergonomic}
     bool SegmentedCodeCache                       = true                                      {product} {ergonomic}
   size_t SoftMaxHeapSize                          = 2147483648                             {manageable} {ergonomic}
     bool UseCompressedOops                        = true                           {product lp64_product} {ergonomic}
     bool UseLargePagesIndividualAllocation        = false                                  {pd product} {ergonomic}
     bool UseParallelGC                            = true                                      {product} {command line}

Logging:
Log output configuration:
 #0: stdout all=off uptime,level,tags foldmultilines=false
 #1: stderr all=off uptime,level,tags foldmultilines=false

Release file:
IMPLEMENTOR="Eclipse Adoptium" 
IMPLEMENTOR_VERSION="Temurin-25.0.1+8" 
JAVA_RUNTIME_VERSION="25.0.1+8-LTS" 
JAVA_VERSION="25.0.1" 
JAVA_VERSION_DATE="2025-10-21" 
LIBC="default" 
MODULES="java.base java.compiler java.datatransfer java.xml java.prefs java.desktop java.instrument java.logging java.management java.security.sasl java.naming java.rmi java.management.rmi java.net.http java.scripting java.security.jgss java.transaction.xa java.sql java.sql.rowset java.xml.crypto java.se java.smartcardio jdk.accessibility jdk.internal.jvmstat jdk.attach jdk.charsets jdk.internal.opt jdk.zipfs jdk.compiler jdk.crypto.cryptoki jdk.crypto.ec jdk.crypto.mscapi jdk.dynalink jdk.internal.ed jdk.editpad jdk.internal.vm.ci jdk.graal.compiler jdk.graal.compiler.management jdk.hotspot.agent jdk.httpserver jdk.incubator.vector jdk.internal.le jdk.internal.md jdk.jartool jdk.javadoc jdk.jcmd jdk.management jdk.management.agent jdk.jconsole jdk.jdeps jdk.jdwp.agent jdk.jdi jdk.jfr jdk.jlink jdk.jpackage jdk.jshell jdk.jsobject jdk.jstatd jdk.localedata jdk.management.jfr jdk.naming.dns jdk.naming.rmi jdk.net jdk.nio.mapmode jdk.sctp jdk.security.auth jdk.security.jgss jdk.unsupported jdk.unsupported.desktop jdk.xml.dom" 
OS_ARCH="x86_64" 
OS_NAME="Windows" 
SOURCE=".:git:61d6a2c1b35e" 
BUILD_SOURCE="git:839fa0b45d809157cffd3dc8515aad262a4a1776"
BUILD_SOURCE_REPO="https://github.com/adoptium/temurin-build.git"
SOURCE_REPO="https://github.com/adoptium/jdk25u.git"
FULL_VERSION="25.0.1+8-LTS"
SEMANTIC_VERSION="25.0.1+8"
BUILD_INFO="OS: Windows Server 2022 Version: 10.0"
JVM_VARIANT="Hotspot"
JVM_VERSION="25.0.1+8-LTS"
IMAGE_TYPE="JDK"

Environment Variables:
PATH=C:\Program Files\Eclipse Adoptium\jdk-17.0.17.10-hotspot\bin;C:\Program Files\Eclipse Adoptium\jdk-11.0.30.7-hotspot\bin;C:\Program Files\Eclipse Adoptium\jdk-21.0.9.10-hotspot\bin;C:\Program Files\Eclipse Adoptium\jdk-25.0.1.8-hotspot\bin;C:\Python313\Scripts\;C:\Program Files\Eclipse Adoptium\jdk-8.0.472.8-hotspot\bin;C:\Python313\;C:\Program Files\Common Files\Oracle\Java\javapath;C:\Program Files\National Instruments\Shared\OpenVINO\;C:\WINDOWS\system32;C:\WINDOWS;C:\WINDOWS\System32\Wbem;C:\WINDOWS\System32\WindowsPowerShell\v1.0\;C:\WINDOWS\System32\OpenSSH\;C:\Program Files (x86)\IVI Foundation\VISA\WinNT\Bin\;C:\Program Files\IVI Foundation\VISA\Win64\Bin\;C:\Program Files (x86)\National Instruments\Shared\LabVIEW CLI;C:\Program Files (x86)\IVI Foundation\VISA\WinNT\Bin;C:\Program Files (x86)\IVI Foundation\IVI\bin;C:\Program Files\IVI Foundation\IVI\bin;C:\xampp\php;C:\ProgramData\ComposerSetup\bin;C:\Program Files\nodejs\;C:\ProgramData\chocolatey\bin;C:\Program Files\MongoDB\Server\8.2\bin;C:\Program Files\Git\cmd;C:\Program Files\Git\mingw64\bin;C:\Program Files\Git\usr\bin;F:\apache-maven-3.9.12\bin;C:\Program Files\MySQL\MySQL Server 8.0\bin;c:\Users\darsh\AppData\Local\Programs\Trae\bin;C:\Program Files\MySQL\MySQL Shell 8.0\bin\;C:\Users\darsh\AppData\Local\Programs\Python\Python311\Scripts\;C:\Users\darsh\AppData\Local\Programs\Python\Python311\;C:\Users\darsh\AppData\Local\Microsoft\WindowsApps;C:\Users\darsh\AppData\Local\Programs\Microsoft VS Code\bin;C:\Users\darsh\AppData\Roaming\npm;C:\Program Files\nodejs;C:\Users\darsh\AppData\Local\Programs\Windsurf\bin;C:\Mongosh\
USERNAME=darsh
OS=Windows_NT
PROCESSOR_IDENTIFIER=Intel64 Family 6 Model 140 Stepping 1, GenuineIntel
TMP=C:\Users\darsh\AppData\Local\Temp
TEMP=C:\Users\darsh\AppData\Local\Temp




Compilation memory statistics disabled.

Periodic native trim disabled

---------------  S Y S T E M  ---------------

OS:
 Windows 11 , 64 bit Build 26100 (10.0.26100.7705)
OS uptime: 0 days 2:15 hours
Hyper-V role detected

CPU: total 8 (initial active 8) (4 cores per cpu, 2 threads per core) family 6 model 140 stepping 1 microcode 0xbc, cx8, cmov, fxsr, ht, mmx, 3dnowpref, sse, sse2, sse3, ssse3, sse4.1, sse4.2, popcnt, lzcnt, tsc, tscinvbit, avx, avx2, aes, erms, clmul, bmi1, bmi2, adx, avx512f, avx512dq, avx512cd, avx512bw, avx512vl, sha, fma, vzeroupper, avx512_vpopcntdq, avx512_vpclmulqdq, avx512_vaes, avx512_vnni, clflush, clflushopt, clwb, avx512_vbmi2, avx512_vbmi, hv, rdtscp, rdpid, fsrm, gfni, avx512_bitalg, f16c, cet_ibt, cet_ss, avx512_ifma
Processor Information for processor 0
  Max Mhz: 2419, Current Mhz: 1007, Mhz Limit: 2419
Processor Information for processor 1
  Max Mhz: 2419, Current Mhz: 1007, Mhz Limit: 2419
Processor Information for processor 2
  Max Mhz: 2419, Current Mhz: 2419, Mhz Limit: 2419
Processor Information for processor 3
  Max Mhz: 2419, Current Mhz: 1007, Mhz Limit: 2419
Processor Information for processor 4
  Max Mhz: 2419, Current Mhz: 1007, Mhz Limit: 2419
Processor Information for processor 5
  Max Mhz: 2419, Current Mhz: 1007, Mhz Limit: 2419
Processor Information for processor 6
  Max Mhz: 2419, Current Mhz: 1007, Mhz Limit: 2419
Processor Information for processor 7
  Max Mhz: 2419, Current Mhz: 1007, Mhz Limit: 2419

Memory: 4k page, system-wide physical 7914M (730M free)
TotalPageFile size 17562M (AvailPageFile size 109M)
current process WorkingSet (physical memory assigned to process): 227M, peak: 234M
current process commit charge ("private bytes"): 307M, peak: 315M

vm_info: OpenJDK 64-Bit Server VM (25.0.1+8-LTS) for windows-amd64 JRE (25.0.1+8-LTS), built on 2025-10-21T00:00:00Z with unknown MS VC++:1942

END.
